This is pdfTeX, Version 3.14159265-2.6-1.40.20 (TeX Live 2019) (preloaded format=pdflatex 2019.5.8)  22 DEC 2019 21:38
entering extended mode
 restricted \write18 enabled.
 file:line:error style messages enabled.
 %&-line parsing enabled.
**"/Users/beatriceee/Desktop/dwla-web-app/SP/Proposal - Nico C. Mendoza.tex"
(/Users/beatriceee/Desktop/dwla-web-app/SP/Proposal - Nico C. Mendoza.tex
LaTeX2e <2018-12-01>
(/usr/local/texlive/2019/texmf-dist/tex/latex/base/article.cls
Document Class: article 2018/09/03 v1.4i Standard LaTeX document class
(/usr/local/texlive/2019/texmf-dist/tex/latex/base/size11.clo
File: size11.clo 2018/09/03 v1.4i Standard LaTeX file (size option)
)
\c@part=\count80
\c@section=\count81
\c@subsection=\count82
\c@subsubsection=\count83
\c@paragraph=\count84
\c@subparagraph=\count85
\c@figure=\count86
\c@table=\count87
\abovecaptionskip=\skip41
\belowcaptionskip=\skip42
\bibindent=\dimen102
) (/usr/local/texlive/2019/texmf-dist/tex/latex/geometry/geometry.sty
Package: geometry 2018/04/16 v5.8 Page Geometry
 (/usr/local/texlive/2019/texmf-dist/tex/latex/graphics/keyval.sty
Package: keyval 2014/10/28 v1.15 key=value parser (DPC)
\KV@toks@=\toks14
) (/usr/local/texlive/2019/texmf-dist/tex/generic/oberdiek/ifpdf.sty
Package: ifpdf 2018/09/07 v3.3 Provides the ifpdf switch
) (/usr/local/texlive/2019/texmf-dist/tex/generic/oberdiek/ifvtex.sty
Package: ifvtex 2016/05/16 v1.6 Detect VTeX and its facilities (HO)
Package ifvtex Info: VTeX not detected.
) (/usr/local/texlive/2019/texmf-dist/tex/generic/ifxetex/ifxetex.sty
Package: ifxetex 2010/09/12 v0.6 Provides ifxetex conditional
)
\Gm@cnth=\count88
\Gm@cntv=\count89
\c@Gm@tempcnt=\count90
\Gm@bindingoffset=\dimen103
\Gm@wd@mp=\dimen104
\Gm@odd@mp=\dimen105
\Gm@even@mp=\dimen106
\Gm@layoutwidth=\dimen107
\Gm@layoutheight=\dimen108
\Gm@layouthoffset=\dimen109
\Gm@layoutvoffset=\dimen110
\Gm@dimlist=\toks15
) (/usr/local/texlive/2019/texmf-dist/tex/latex/url/url.sty
\Urlmuskip=\muskip10
Package: url 2013/09/16  ver 3.4  Verb mode for urls, etc.
) (/usr/local/texlive/2019/texmf-dist/tex/latex/setspace/setspace.sty
Package: setspace 2011/12/19 v6.7a set line spacing
) (/usr/local/texlive/2019/texmf-dist/tex/latex/listings/listings.sty
\lst@mode=\count91
\lst@gtempboxa=\box27
\lst@token=\toks16
\lst@length=\count92
\lst@currlwidth=\dimen111
\lst@column=\count93
\lst@pos=\count94
\lst@lostspace=\dimen112
\lst@width=\dimen113
\lst@newlines=\count95
\lst@lineno=\count96
\lst@maxwidth=\dimen114
 (/usr/local/texlive/2019/texmf-dist/tex/latex/listings/lstmisc.sty
File: lstmisc.sty 2019/02/27 1.8b (Carsten Heinz)
\c@lstnumber=\count97
\lst@skipnumbers=\count98
\lst@framebox=\box28
) (/usr/local/texlive/2019/texmf-dist/tex/latex/listings/listings.cfg
File: listings.cfg 2019/02/27 1.8b listings configuration
))
Package: listings 2019/02/27 1.8b (Carsten Heinz)
 (/usr/local/texlive/2019/texmf-dist/tex/latex/tools/multicol.sty
Package: multicol 2018/12/27 v1.8v multicolumn formatting (FMi)
\c@tracingmulticols=\count99
\mult@box=\box29
\multicol@leftmargin=\dimen115
\c@unbalance=\count100
\c@collectmore=\count101
\doublecol@number=\count102
\multicoltolerance=\count103
\multicolpretolerance=\count104
\full@width=\dimen116
\page@free=\dimen117
\premulticols=\dimen118
\postmulticols=\dimen119
\multicolsep=\skip43
\multicolbaselineskip=\skip44
\partial@page=\box30
\last@line=\box31
\maxbalancingoverflow=\dimen120
\mult@rightbox=\box32
\mult@grightbox=\box33
\mult@gfirstbox=\box34
\mult@firstbox=\box35
\@tempa=\box36
\@tempa=\box37
\@tempa=\box38
\@tempa=\box39
\@tempa=\box40
\@tempa=\box41
\@tempa=\box42
\@tempa=\box43
\@tempa=\box44
\@tempa=\box45
\@tempa=\box46
\@tempa=\box47
\@tempa=\box48
\@tempa=\box49
\@tempa=\box50
\@tempa=\box51
\@tempa=\box52
\c@columnbadness=\count105
\c@finalcolumnbadness=\count106
\last@try=\dimen121
\multicolovershoot=\dimen122
\multicolundershoot=\dimen123
\mult@nat@firstbox=\box53
\colbreak@box=\box54
\mc@col@check@num=\count107
) (/usr/local/texlive/2019/texmf-dist/tex/latex/authoraftertitle/authoraftertitle.sty
Package: authoraftertitle 2006/10/14 v0.9 package for Author after Titlepage
) (/usr/local/texlive/2019/texmf-dist/tex/latex/graphics/graphicx.sty
Package: graphicx 2017/06/01 v1.1a Enhanced LaTeX Graphics (DPC,SPQR)
 (/usr/local/texlive/2019/texmf-dist/tex/latex/graphics/graphics.sty
Package: graphics 2017/06/25 v1.2c Standard LaTeX Graphics (DPC,SPQR)
 (/usr/local/texlive/2019/texmf-dist/tex/latex/graphics/trig.sty
Package: trig 2016/01/03 v1.10 sin cos tan (DPC)
) (/usr/local/texlive/2019/texmf-dist/tex/latex/graphics-cfg/graphics.cfg
File: graphics.cfg 2016/06/04 v1.11 sample graphics configuration
)
Package graphics Info: Driver file: pdftex.def on input line 99.
 (/usr/local/texlive/2019/texmf-dist/tex/latex/graphics-def/pdftex.def
File: pdftex.def 2018/01/08 v1.0l Graphics/color driver for pdftex
))
\Gin@req@height=\dimen124
\Gin@req@width=\dimen125
) (/usr/local/texlive/2019/texmf-dist/tex/latex/tools/array.sty
Package: array 2018/12/30 v2.4k Tabular extension package (FMi)
\col@sep=\dimen126
\ar@mcellbox=\box55
\extrarowheight=\dimen127
\NC@list=\toks17
\extratabsurround=\skip45
\backup@length=\skip46
\ar@cellbox=\box56
) (/usr/local/texlive/2019/texmf-dist/tex/latex/xcolor/xcolor.sty
Package: xcolor 2016/05/11 v2.12 LaTeX color extensions (UK)
 (/usr/local/texlive/2019/texmf-dist/tex/latex/graphics-cfg/color.cfg
File: color.cfg 2016/01/02 v1.6 sample color configuration
)
Package xcolor Info: Driver file: pdftex.def on input line 225.
 (/usr/local/texlive/2019/texmf-dist/tex/latex/colortbl/colortbl.sty
Package: colortbl 2018/12/12 v1.0d Color table columns (DPC)
\everycr=\toks18
\minrowclearance=\skip47
)
\rownum=\count108
Package xcolor Info: Model `cmy' substituted by `cmy0' on input line 1348.
Package xcolor Info: Model `hsb' substituted by `rgb' on input line 1352.
Package xcolor Info: Model `RGB' extended on input line 1364.
Package xcolor Info: Model `HTML' substituted by `rgb' on input line 1366.
Package xcolor Info: Model `Hsb' substituted by `hsb' on input line 1367.
Package xcolor Info: Model `tHsb' substituted by `hsb' on input line 1368.
Package xcolor Info: Model `HSB' substituted by `hsb' on input line 1369.
Package xcolor Info: Model `Gray' substituted by `gray' on input line 1370.
Package xcolor Info: Model `wave' substituted by `hsb' on input line 1371.
) (/usr/local/texlive/2019/texmf-dist/tex/latex/tocbibind/tocbibind.sty
Package: tocbibind 2010/10/13 v1.5k extra ToC listings
Package tocbibind Info: The document has section divisions on input line 50.


Package tocbibind Note: Using section or other style headings.

) (/usr/local/texlive/2019/texmf-dist/tex/latex/tocloft/tocloft.sty
Package: tocloft 2017/08/31 v2.3i parameterised ToC, etc., typesetting
Package tocloft Info: The document has section divisions on input line 51.
\cftparskip=\skip48
\cftbeforetoctitleskip=\skip49
\cftaftertoctitleskip=\skip50
\cftbeforepartskip=\skip51
\cftpartnumwidth=\skip52
\cftpartindent=\skip53
\cftbeforesecskip=\skip54
\cftsecindent=\skip55
\cftsecnumwidth=\skip56
\cftbeforesubsecskip=\skip57
\cftsubsecindent=\skip58
\cftsubsecnumwidth=\skip59
\cftbeforesubsubsecskip=\skip60
\cftsubsubsecindent=\skip61
\cftsubsubsecnumwidth=\skip62
\cftbeforeparaskip=\skip63
\cftparaindent=\skip64
\cftparanumwidth=\skip65
\cftbeforesubparaskip=\skip66
\cftsubparaindent=\skip67
\cftsubparanumwidth=\skip68
\cftbeforeloftitleskip=\skip69
\cftafterloftitleskip=\skip70
\cftbeforefigskip=\skip71
\cftfigindent=\skip72
\cftfignumwidth=\skip73
\c@lofdepth=\count109
\c@lotdepth=\count110
\cftbeforelottitleskip=\skip74
\cftafterlottitleskip=\skip75
\cftbeforetabskip=\skip76
\cfttabindent=\skip77
\cfttabnumwidth=\skip78
) (/usr/local/texlive/2019/texmf-dist/tex/latex/tools/longtable.sty
Package: longtable 2014/10/28 v4.11 Multi-page Table package (DPC)+ FMi change
\LTleft=\skip79
\LTright=\skip80
\LTpre=\skip81
\LTpost=\skip82
\LTchunksize=\count111
\LTcapwidth=\dimen128
\LT@head=\box57
\LT@firsthead=\box58
\LT@foot=\box59
\LT@lastfoot=\box60
\LT@cols=\count112
\LT@rows=\count113
\c@LT@tables=\count114
\c@LT@chunks=\count115
\LT@p@ftn=\toks19
) (/usr/local/texlive/2019/texmf-dist/tex/latex/hyperref/hyperref.sty
Package: hyperref 2018/11/30 v6.88e Hypertext links for LaTeX
 (/usr/local/texlive/2019/texmf-dist/tex/generic/oberdiek/hobsub-hyperref.sty
Package: hobsub-hyperref 2016/05/16 v1.14 Bundle oberdiek, subset hyperref (HO)
 (/usr/local/texlive/2019/texmf-dist/tex/generic/oberdiek/hobsub-generic.sty
Package: hobsub-generic 2016/05/16 v1.14 Bundle oberdiek, subset generic (HO)
Package: hobsub 2016/05/16 v1.14 Construct package bundles (HO)
Package: infwarerr 2016/05/16 v1.4 Providing info/warning/error messages (HO)
Package: ltxcmds 2016/05/16 v1.23 LaTeX kernel commands for general use (HO)
Package: ifluatex 2016/05/16 v1.4 Provides the ifluatex switch (HO)
Package ifluatex Info: LuaTeX not detected.
Package hobsub Info: Skipping package `ifvtex' (already loaded).
Package: intcalc 2016/05/16 v1.2 Expandable calculations with integers (HO)
Package hobsub Info: Skipping package `ifpdf' (already loaded).
Package: etexcmds 2016/05/16 v1.6 Avoid name clashes with e-TeX commands (HO)
Package: kvsetkeys 2016/05/16 v1.17 Key value parser (HO)
Package: kvdefinekeys 2016/05/16 v1.4 Define keys (HO)
Package: pdftexcmds 2018/09/10 v0.29 Utility functions of pdfTeX for LuaTeX (HO)
Package pdftexcmds Info: LuaTeX not detected.
Package pdftexcmds Info: \pdf@primitive is available.
Package pdftexcmds Info: \pdf@ifprimitive is available.
Package pdftexcmds Info: \pdfdraftmode found.
Package: pdfescape 2016/05/16 v1.14 Implements pdfTeX's escape features (HO)
Package: bigintcalc 2016/05/16 v1.4 Expandable calculations on big integers (HO)
Package: bitset 2016/05/16 v1.2 Handle bit-vector datatype (HO)
Package: uniquecounter 2016/05/16 v1.3 Provide unlimited unique counter (HO)
)
Package hobsub Info: Skipping package `hobsub' (already loaded).
Package: letltxmacro 2016/05/16 v1.5 Let assignment for LaTeX macros (HO)
Package: hopatch 2016/05/16 v1.3 Wrapper for package hooks (HO)
Package: xcolor-patch 2016/05/16 xcolor patch
Package: atveryend 2016/05/16 v1.9 Hooks at the very end of document (HO)
Package atveryend Info: \enddocument detected (standard20110627).
Package: atbegshi 2016/06/09 v1.18 At begin shipout hook (HO)
Package: refcount 2016/05/16 v3.5 Data extraction from label references (HO)
Package: hycolor 2016/05/16 v1.8 Color options for hyperref/bookmark (HO)
) (/usr/local/texlive/2019/texmf-dist/tex/latex/oberdiek/auxhook.sty
Package: auxhook 2016/05/16 v1.4 Hooks for auxiliary files (HO)
) (/usr/local/texlive/2019/texmf-dist/tex/latex/oberdiek/kvoptions.sty
Package: kvoptions 2016/05/16 v3.12 Key value format for package options (HO)
)
\@linkdim=\dimen129
\Hy@linkcounter=\count116
\Hy@pagecounter=\count117
 (/usr/local/texlive/2019/texmf-dist/tex/latex/hyperref/pd1enc.def
File: pd1enc.def 2018/11/30 v6.88e Hyperref: PDFDocEncoding definition (HO)
Now handling font encoding PD1 ...
... no UTF-8 mapping file for font encoding PD1
)
\Hy@SavedSpaceFactor=\count118
 (/usr/local/texlive/2019/texmf-dist/tex/latex/latexconfig/hyperref.cfg
File: hyperref.cfg 2002/06/06 v1.2 hyperref configuration of TeXLive
)
Package hyperref Info: Hyper figures OFF on input line 4519.
Package hyperref Info: Link nesting OFF on input line 4524.
Package hyperref Info: Hyper index ON on input line 4527.
Package hyperref Info: Plain pages OFF on input line 4534.
Package hyperref Info: Backreferencing OFF on input line 4539.
Package hyperref Info: Implicit mode ON; LaTeX internals redefined.
Package hyperref Info: Bookmarks ON on input line 4772.
\c@Hy@tempcnt=\count119
LaTeX Info: Redefining \url on input line 5125.
\XeTeXLinkMargin=\dimen130
\Fld@menulength=\count120
\Field@Width=\dimen131
\Fld@charsize=\dimen132
Package hyperref Info: Hyper figures OFF on input line 6380.
Package hyperref Info: Link nesting OFF on input line 6385.
Package hyperref Info: Hyper index ON on input line 6388.
Package hyperref Info: backreferencing OFF on input line 6395.
Package hyperref Info: Link coloring OFF on input line 6400.
Package hyperref Info: Link coloring with OCG OFF on input line 6405.
Package hyperref Info: PDF/A mode OFF on input line 6410.
LaTeX Info: Redefining \ref on input line 6450.
LaTeX Info: Redefining \pageref on input line 6454.
\Hy@abspage=\count121
\c@Item=\count122
\c@Hfootnote=\count123
)
Package hyperref Info: Driver (autodetected): hpdftex.
 (/usr/local/texlive/2019/texmf-dist/tex/latex/hyperref/hpdftex.def
File: hpdftex.def 2018/11/30 v6.88e Hyperref driver for pdfTeX
\Fld@listcount=\count124
\c@bookmark@seq@number=\count125
 (/usr/local/texlive/2019/texmf-dist/tex/latex/oberdiek/rerunfilecheck.sty
Package: rerunfilecheck 2016/05/16 v1.8 Rerun checks for auxiliary files (HO)
Package uniquecounter Info: New unique counter `rerunfilecheck' on input line 282.
)
\Hy@SectionHShift=\skip83
)
Package hyperref Info: Option `colorlinks' set `true' on input line 34.
 (/Users/beatriceee/Desktop/dwla-web-app/SP/Proposal - Nico C. Mendoza.aux)
\openout1 = `"Proposal - Nico C. Mendoza.aux"'.

LaTeX Font Info:    Checking defaults for OML/cmm/m/it on input line 47.
LaTeX Font Info:    ... okay on input line 47.
LaTeX Font Info:    Checking defaults for T1/cmr/m/n on input line 47.
LaTeX Font Info:    ... okay on input line 47.
LaTeX Font Info:    Checking defaults for OT1/cmr/m/n on input line 47.
LaTeX Font Info:    ... okay on input line 47.
LaTeX Font Info:    Checking defaults for OMS/cmsy/m/n on input line 47.
LaTeX Font Info:    ... okay on input line 47.
LaTeX Font Info:    Checking defaults for OMX/cmex/m/n on input line 47.
LaTeX Font Info:    ... okay on input line 47.
LaTeX Font Info:    Checking defaults for U/cmr/m/n on input line 47.
LaTeX Font Info:    ... okay on input line 47.
LaTeX Font Info:    Checking defaults for PD1/pdf/m/n on input line 47.
LaTeX Font Info:    ... okay on input line 47.

*geometry* driver: auto-detecting
*geometry* detected driver: pdftex
*geometry* verbose mode - [ preamble ] result:
* driver: pdftex
* paper: a4paper
* layout: <same size as paper>
* layoutoffset:(h,v)=(0.0pt,0.0pt)
* modes: 
* h-part:(L,W,R)=(108.405pt, 416.83289pt, 72.26999pt)
* v-part:(T,H,B)=(72.26999pt, 700.50687pt, 72.26999pt)
* \paperwidth=597.50787pt
* \paperheight=845.04684pt
* \textwidth=416.83289pt
* \textheight=700.50687pt
* \oddsidemargin=36.13501pt
* \evensidemargin=36.13501pt
* \topmargin=-37.0pt
* \headheight=12.0pt
* \headsep=25.0pt
* \topskip=11.0pt
* \footskip=30.0pt
* \marginparwidth=50.0pt
* \marginparsep=10.0pt
* \columnsep=10.0pt
* \skip\footins=10.0pt plus 4.0pt minus 2.0pt
* \hoffset=0.0pt
* \voffset=0.0pt
* \mag=1000
* \@twocolumnfalse
* \@twosidefalse
* \@mparswitchfalse
* \@reversemarginfalse
* (1in=72.27pt=25.4mm, 1cm=28.453pt)

\c@lstlisting=\count126
(/usr/local/texlive/2019/texmf-dist/tex/context/base/mkii/supp-pdf.mkii
[Loading MPS to PDF converter (version 2006.09.02).]
\scratchcounter=\count127
\scratchdimen=\dimen133
\scratchbox=\box61
\nofMPsegments=\count128
\nofMParguments=\count129
\everyMPshowfont=\toks20
\MPscratchCnt=\count130
\MPscratchDim=\dimen134
\MPnumerator=\count131
\makeMPintoPDFobject=\count132
\everyMPtoPDFconversion=\toks21
) (/usr/local/texlive/2019/texmf-dist/tex/latex/oberdiek/epstopdf-base.sty
Package: epstopdf-base 2016/05/15 v2.6 Base part for package epstopdf
 (/usr/local/texlive/2019/texmf-dist/tex/latex/oberdiek/grfext.sty
Package: grfext 2016/05/16 v1.2 Manage graphics extensions (HO)
)
Package epstopdf-base Info: Redefining graphics rule for `.eps' on input line 438.
Package grfext Info: Graphics extension search list:
(grfext)             [.pdf,.png,.jpg,.mps,.jpeg,.jbig2,.jb2,.PDF,.PNG,.JPG,.JPEG,.JBIG2,.JB2,.eps]
(grfext)             \AppendGraphicsExtensions on input line 456.
 (/usr/local/texlive/2019/texmf-dist/tex/latex/latexconfig/epstopdf-sys.cfg
File: epstopdf-sys.cfg 2010/07/13 v1.3 Configuration of (r)epstopdf for TeX Live
))
\AtBeginShipoutBox=\box62
Package hyperref Info: Link coloring ON on input line 47.
 (/usr/local/texlive/2019/texmf-dist/tex/latex/hyperref/nameref.sty
Package: nameref 2016/05/21 v2.44 Cross-referencing by name of section
 (/usr/local/texlive/2019/texmf-dist/tex/generic/oberdiek/gettitlestring.sty
Package: gettitlestring 2016/05/16 v1.5 Cleanup title references (HO)
)
\c@section@level=\count133
)
LaTeX Info: Redefining \ref on input line 47.
LaTeX Info: Redefining \pageref on input line 47.
LaTeX Info: Redefining \nameref on input line 47.
 (/Users/beatriceee/Desktop/dwla-web-app/SP/Proposal - Nico C. Mendoza.out) (/Users/beatriceee/Desktop/dwla-web-app/SP/Proposal - Nico C. Mendoza.out)
\@outlinefile=\write3
\openout3 = `"Proposal - Nico C. Mendoza.out"'.

LaTeX Font Info:    External font `cmex10' loaded for size
(Font)              <12> on input line 49.
LaTeX Font Info:    External font `cmex10' loaded for size
(Font)              <8> on input line 49.
LaTeX Font Info:    External font `cmex10' loaded for size
(Font)              <6> on input line 49.
 [1

{/usr/local/texlive/2019/texmf-var/fonts/map/pdftex/updmap/pdftex.map}] [2] (/Users/beatriceee/Desktop/dwla-web-app/SP/Proposal - Nico C. Mendoza.toc
LaTeX Font Info:    External font `cmex10' loaded for size
(Font)              <10.95> on input line 1.
 [3])
\tf@toc=\write4
\openout4 = `"Proposal - Nico C. Mendoza.toc"'.

 [4]pdfTeX warning (ext4): destination with the same identifier (name{page.1}) has been already used, duplicate ignored
<to be read again> 
                   \relax 
l.79 
      [1]pdfTeX warning (ext4): destination with the same identifier (name{page.2}) has been already used, duplicate ignored
<to be read again> 
                   \relax 
l.99 
      [2] [3]
Overfull \hbox (12.71779pt too wide) in paragraph at lines 161--162
[]\OT1/cmr/m/n/10.95 The stu-dent record view can be teacher-centric, section-centric, and student-
 []

[4] [5] [6] [7] [8] [9] [10] [11] [12] [13] [14] [15] [16]
<Context-Diagram.png, id=519, 653.44125pt x 482.80376pt>
File: Context-Diagram.png Graphic file (type png)
<use Context-Diagram.png>
Package pdftex.def Info: Context-Diagram.png  used on input line 330.
(pdftex.def)             Requested size: 404.35167pt x 298.75394pt.
 [17 </Users/beatriceee/Desktop/dwla-web-app/SP/Context-Diagram.png>]
<Data-Flow-Diagram-1.png, id=526, 633.36626pt x 343.2825pt>
File: Data-Flow-Diagram-1.png Graphic file (type png)
<use Data-Flow-Diagram-1.png>
Package pdftex.def Info: Data-Flow-Diagram-1.png  used on input line 342.
(pdftex.def)             Requested size: 393.71712pt x 213.39566pt.
<Data-Flow-Diagram-2.png, id=527, 528.47438pt x 807.015pt>
File: Data-Flow-Diagram-2.png Graphic file (type png)
<use Data-Flow-Diagram-2.png>
Package pdftex.def Info: Data-Flow-Diagram-2.png  used on input line 350.
(pdftex.def)             Requested size: 381.96082pt x 583.2815pt.
 [18 </Users/beatriceee/Desktop/dwla-web-app/SP/Data-Flow-Diagram-1.png>] [19 </Users/beatriceee/Desktop/dwla-web-app/SP/Data-Flow-Diagram-2.png>]
<Subexplotion-1.png, id=538, 467.7475pt x 272.01625pt>
File: Subexplotion-1.png Graphic file (type png)
<use Subexplotion-1.png>
Package pdftex.def Info: Subexplotion-1.png  used on input line 358.
(pdftex.def)             Requested size: 269.10258pt x 156.49014pt.
<Subexplotion-3.png, id=539, 638.385pt x 283.0575pt>
File: Subexplotion-3.png Graphic file (type png)
<use Subexplotion-3.png>
Package pdftex.def Info: Subexplotion-3.png  used on input line 365.
(pdftex.def)             Requested size: 352.94412pt x 156.49014pt.
<Subexplotion-5.png, id=540, 483.8075pt x 303.1325pt>
File: Subexplotion-5.png Graphic file (type png)
<use Subexplotion-5.png>
Package pdftex.def Info: Subexplotion-5.png  used on input line 372.
(pdftex.def)             Requested size: 295.17381pt x 184.9429pt.
 [20 </Users/beatriceee/Desktop/dwla-web-app/SP/Subexplotion-1.png> </Users/beatriceee/Desktop/dwla-web-app/SP/Subexplotion-3.png>] [21 </Users/beatriceee/Desktop/dwla-web-app/SP/Subexplotion-5.png>] [22]
<Activity-Diagram-1.png, id=558, 926.46124pt x 895.345pt>
File: Activity-Diagram-1.png Graphic file (type png)
<use Activity-Diagram-1.png>
Package pdftex.def Info: Activity-Diagram-1.png  used on input line 422.
(pdftex.def)             Requested size: 426.91245pt x 412.56496pt.

Overfull \hbox (10.07956pt too wide) in paragraph at lines 422--423
 [] 
 []

[23 </Users/beatriceee/Desktop/dwla-web-app/SP/Activity-Diagram-1.png>] [24] [25]
<User.png, id=572, 492.84125pt x 994.71625pt>
File: User.png Graphic file (type png)
<use User.png>
Package pdftex.def Info: User.png  used on input line 455.
(pdftex.def)             Requested size: 274.89879pt x 554.82874pt.
<Grade-Sheet.png, id=573, 698.61pt x 653.44125pt>
File: Grade-Sheet.png Graphic file (type png)
<use Grade-Sheet.png>
Package pdftex.def Info: Grade-Sheet.png  used on input line 464.
(pdftex.def)             Requested size: 410.66261pt x 384.1122pt.
 [26 </Users/beatriceee/Desktop/dwla-web-app/SP/User.png>]
<Grade.png, id=579, 302.12875pt x 372.39125pt>
File: Grade.png Graphic file (type png)
<use Grade.png>
Package pdftex.def Info: Grade.png  used on input line 473.
(pdftex.def)             Requested size: 196.22461pt x 241.84842pt.
 [27 </Users/beatriceee/Desktop/dwla-web-app/SP/Grade-Sheet.png>]
<Attendance-Log.png, id=586, 362.35374pt x 404.51125pt>
File: Attendance-Log.png Graphic file (type png)
<use Attendance-Log.png>
Package pdftex.def Info: Attendance-Log.png  used on input line 482.
(pdftex.def)             Requested size: 216.64539pt x 241.84842pt.
<Advisory-Table.png, id=587, 382.42876pt x 524.96124pt>
File: Advisory-Table.png Graphic file (type png)
<use Advisory-Table.png>
Package pdftex.def Info: Advisory-Table.png  used on input line 491.
(pdftex.def)             Requested size: 217.6482pt x 298.75394pt.
 [28 </Users/beatriceee/Desktop/dwla-web-app/SP/Grade.png> </Users/beatriceee/Desktop/dwla-web-app/SP/Attendance-Log.png>]
<Component-Weight.png, id=594, 502.87875pt x 226.8475pt>
File: Component-Weight.png Graphic file (type png)
<use Component-Weight.png>
Package pdftex.def Info: Component-Weight.png  used on input line 500.
(pdftex.def)             Requested size: 283.83543pt x 128.0374pt.
<Subcomponent-Weight.png, id=595, 462.72874pt x 452.69125pt>
File: Subcomponent-Weight.png Graphic file (type png)
<use Subcomponent-Weight.png>
Package pdftex.def Info: Subcomponent-Weight.png  used on input line 510.
(pdftex.def)             Requested size: 232.67003pt x 227.62204pt.
 [29 </Users/beatriceee/Desktop/dwla-web-app/SP/Advisory-Table.png> </Users/beatriceee/Desktop/dwla-web-app/SP/Component-Weight.png>]
<Teacher-Load.png, id=602, 442.65375pt x 344.28625pt>
File: Teacher-Load.png Graphic file (type png)
<use Teacher-Load.png>
Package pdftex.def Info: Teacher-Load.png  used on input line 519.
(pdftex.def)             Requested size: 237.77989pt x 184.9429pt.
<Submission-Deadline.png, id=603, 221.82875pt x 294.09875pt>
File: Submission-Deadline.png Graphic file (type png)
<use Submission-Deadline.png>
Package pdftex.def Info: Submission-Deadline.png  used on input line 528.
(pdftex.def)             Requested size: 139.49559pt x 184.9429pt.
 [30 </Users/beatriceee/Desktop/dwla-web-app/SP/Subcomponent-Weight.png> </Users/beatriceee/Desktop/dwla-web-app/SP/Teacher-Load.png>] [31 </Users/beatriceee/Desktop/dwla-web-app/SP/Submission-Deadline.png>]
Overfull \hbox (4.33992pt too wide) in paragraph at lines 551--552
[]|\OT1/cmr/bx/n/10.95 DESCRIPTION| 
 []


Underfull \hbox (badness 10000) in paragraph at lines 553--553
[]|\OT1/cmr/bx/n/10.95 INT(10),
 []


Underfull \hbox (badness 2401) in paragraph at lines 553--553
[]|\OT1/cmr/bx/n/10.95 Unique iden-ti-
 []


Underfull \hbox (badness 10000) in paragraph at lines 557--557
[]|\OT1/cmr/m/n/10.95 Denotes the
 []


Underfull \hbox (badness 10000) in paragraph at lines 557--557
\OT1/cmr/m/n/10.95 ac-count type:
 []


Underfull \hbox (badness 2401) in paragraph at lines 560--560
[]|\OT1/cmr/m/n/10.95 Middle name of
 []


Underfull \hbox (badness 10000) in paragraph at lines 564--564
[]|\OT1/cmr/m/n/10.95 User's con-tact
 []


Underfull \hbox (badness 10000) in paragraph at lines 570--570
\OT1/cmr/m/n/10.95 RIED', `WID-OWED',
 []


Underfull \vbox (badness 10000) detected at line 570
 []


Underfull \hbox (badness 10000) in paragraph at lines 572--572
[]|\OT1/cmr/m/n/10.95 User's cit-i-zen-
 []


Underfull \hbox (badness 10000) in paragraph at lines 576--576
[]|\OT1/cmr/m/n/10.95 emergency-
 []


Underfull \hbox (badness 10000) in paragraph at lines 576--576
\OT1/cmr/m/n/10.95 the stu-dent in
 []


Underfull \hbox (badness 10000) in paragraph at lines 577--577
[]|\OT1/cmr/m/n/10.95 emergency-
 []


Underfull \hbox (badness 10000) in paragraph at lines 577--577
[]|\OT1/cmr/m/n/10.95 Contact ad-dress
 []


Underfull \hbox (badness 10000) in paragraph at lines 578--578
[]|\OT1/cmr/m/n/10.95 emergency-
 []


Underfull \hbox (badness 10000) in paragraph at lines 578--578
[]|\OT1/cmr/m/n/10.95 Telephone num-
 []


Underfull \hbox (badness 10000) in paragraph at lines 579--579
[]|\OT1/cmr/m/n/10.95 emergency-
 []


Underfull \hbox (badness 10000) in paragraph at lines 579--579
[]|\OT1/cmr/m/n/10.95 Cellphone num-
 []


Underfull \hbox (badness 10000) in paragraph at lines 580--580
[]|\OT1/cmr/m/n/10.95 emergency-
 []


Underfull \hbox (badness 10000) in paragraph at lines 580--580
\OT1/cmr/m/n/10.95 the stu-dent in
 []


Underfull \hbox (badness 10000) in paragraph at lines 581--581
[]|\OT1/cmr/m/n/10.95 emergency-
 []


Underfull \hbox (badness 10000) in paragraph at lines 581--581
[]|\OT1/cmr/m/n/10.95 Relationship of
 []


Underfull \hbox (badness 10000) in paragraph at lines 581--581
\OT1/cmr/m/n/10.95 the stu-dent in
 []


Underfull \hbox (badness 10000) in paragraph at lines 581--581
\OT1/cmr/m/n/10.95 the emer-gency
 []

[32] [33] [34]
Overfull \hbox (4.33992pt too wide) in paragraph at lines 597--598
[]|\OT1/cmr/bx/n/10.95 DESCRIPTION| 
 []


Underfull \hbox (badness 10000) in paragraph at lines 599--599
[]|\OT1/cmr/bx/n/10.95 INT(10),
 []


Underfull \hbox (badness 2401) in paragraph at lines 599--599
[]|\OT1/cmr/bx/n/10.95 Unique iden-ti-
 []


Underfull \hbox (badness 2486) in paragraph at lines 600--600
[]|\OT1/cmr/m/n/10.95 Unique iden-ti-fier
 []


Underfull \hbox (badness 10000) in paragraph at lines 602--602
[]|\OT1/cmr/m/n/10.95 fatherAdd-
 []


Underfull \hbox (badness 10000) in paragraph at lines 604--604
[]|\OT1/cmr/m/n/10.95 fatherOccu-
 []


Underfull \hbox (badness 10000) in paragraph at lines 605--605
[]|\OT1/cmr/m/n/10.95 fatherEmplo-
 []


Underfull \hbox (badness 10000) in paragraph at lines 606--606
[]|\OT1/cmr/m/n/10.95 fatherBusi
 []


Underfull \hbox (badness 10000) in paragraph at lines 607--607
[]|\OT1/cmr/m/n/10.95 fatherOffice
 []


Underfull \hbox (badness 10000) in paragraph at lines 608--608
[]|\OT1/cmr/m/n/10.95 Student's
 []


Underfull \hbox (badness 10000) in paragraph at lines 609--609
[]|\OT1/cmr/m/n/10.95 motherAdd
 []


Underfull \hbox (badness 10000) in paragraph at lines 609--609
[]|\OT1/cmr/m/n/10.95 Student's
 []


Underfull \hbox (badness 10000) in paragraph at lines 609--609
\OT1/cmr/m/n/10.95 mother's ad-
 []


Underfull \hbox (badness 10000) in paragraph at lines 610--610
[]|\OT1/cmr/m/n/10.95 Student's
 []


Underfull \hbox (badness 10000) in paragraph at lines 611--611
[]|\OT1/cmr/m/n/10.95 motherOccu-
 []


Underfull \hbox (badness 10000) in paragraph at lines 611--611
[]|\OT1/cmr/m/n/10.95 Student's
 []


Underfull \hbox (badness 10000) in paragraph at lines 611--611
\OT1/cmr/m/n/10.95 mother's oc-
 []


Underfull \hbox (badness 10000) in paragraph at lines 612--612
[]|\OT1/cmr/m/n/10.95 motherEmplo-
 []


Underfull \hbox (badness 10000) in paragraph at lines 612--612
[]|\OT1/cmr/m/n/10.95 Student's
 []


Underfull \hbox (badness 10000) in paragraph at lines 612--612
\OT1/cmr/m/n/10.95 mother's em-
 []


Underfull \hbox (badness 10000) in paragraph at lines 613--613
[]|\OT1/cmr/m/n/10.95 motherBusi
 []


Underfull \hbox (badness 10000) in paragraph at lines 613--613
[]|\OT1/cmr/m/n/10.95 Student's
 []


Underfull \hbox (badness 10000) in paragraph at lines 614--614
[]|\OT1/cmr/m/n/10.95 Student's
 []


Underfull \vbox (badness 10000) detected at line 615
 []

[35]
Overfull \hbox (4.33992pt too wide) in paragraph at lines 632--633
[]|\OT1/cmr/bx/n/10.95 DESCRIPTION| 
 []


Underfull \hbox (badness 10000) in paragraph at lines 634--634
[]|\OT1/cmr/bx/n/10.95 INT(10),
 []


Underfull \hbox (badness 2401) in paragraph at lines 634--634
[]|\OT1/cmr/bx/n/10.95 Unique iden-ti-
 []


Underfull \hbox (badness 2486) in paragraph at lines 635--635
[]|\OT1/cmr/m/n/10.95 Unique iden-ti-fier
 []


Underfull \hbox (badness 2486) in paragraph at lines 636--636
[]|\OT1/cmr/m/n/10.95 Unique iden-ti-fier
 []


Underfull \hbox (badness 5817) in paragraph at lines 636--636
\OT1/cmr/m/n/10.95 of the par-en-t/-
 []


Underfull \vbox (badness 10000) detected at line 637
 []

[36]
Overfull \hbox (4.33992pt too wide) in paragraph at lines 654--655
[]|\OT1/cmr/bx/n/10.95 DESCRIPTION| 
 []


Underfull \hbox (badness 10000) in paragraph at lines 656--656
[]|\OT1/cmr/bx/n/10.95 INT(10),
 []


Underfull \hbox (badness 2401) in paragraph at lines 656--656
[]|\OT1/cmr/bx/n/10.95 Unique iden-ti-
 []


Underfull \hbox (badness 2486) in paragraph at lines 657--657
[]|\OT1/cmr/m/n/10.95 Unique iden-ti-fier
 []


Underfull \hbox (badness 10000) in paragraph at lines 658--658
[]|\OT1/cmr/m/n/10.95 Denotes if the
 []


Underfull \hbox (badness 10000) in paragraph at lines 658--658
\OT1/cmr/m/n/10.95 teacher has an
 []


Underfull \vbox (badness 10000) detected at line 659
 []

[37]
Overfull \hbox (4.33992pt too wide) in paragraph at lines 676--677
[]|\OT1/cmr/bx/n/10.95 DESCRIPTION| 
 []


Underfull \hbox (badness 10000) in paragraph at lines 678--678
[]|\OT1/cmr/bx/n/10.95 INT(10),
 []


Underfull \hbox (badness 2401) in paragraph at lines 678--678
[]|\OT1/cmr/bx/n/10.95 Unique iden-ti-
 []


Underfull \hbox (badness 2486) in paragraph at lines 679--679
[]|\OT1/cmr/m/n/10.95 Unique iden-ti-fier
 []


Underfull \vbox (badness 10000) detected at line 680
 []


Overfull \hbox (4.33992pt too wide) in paragraph at lines 697--698
[]|\OT1/cmr/bx/n/10.95 DESCRIPTION| 
 []


Underfull \hbox (badness 10000) in paragraph at lines 699--699
[]|\OT1/cmr/bx/n/10.95 INT(10),
 []


Underfull \hbox (badness 2401) in paragraph at lines 699--699
[]|\OT1/cmr/bx/n/10.95 Unique iden-ti-
 []


Underfull \hbox (badness 10000) in paragraph at lines 700--700
[]|\OT1/cmr/m/n/10.95 Unique iden-ti-fer
 []


Underfull \hbox (badness 1629) in paragraph at lines 700--700
\OT1/cmr/m/n/10.95 and de-notes the
 []


Underfull \hbox (badness 10000) in paragraph at lines 700--700
\OT1/cmr/m/n/10.95 ad-viser of the
 []


Underfull \hbox (badness 2486) in paragraph at lines 702--702
[]|\OT1/cmr/m/n/10.95 Unique iden-ti-fier
 []


Underfull \vbox (badness 10000) detected at line 703
 []

[38]
Overfull \hbox (4.33992pt too wide) in paragraph at lines 720--721
[]|\OT1/cmr/bx/n/10.95 DESCRIPTION| 
 []


Underfull \hbox (badness 10000) in paragraph at lines 722--722
[]|\OT1/cmr/bx/n/10.95 INT(10),
 []


Underfull \hbox (badness 2401) in paragraph at lines 722--722
[]|\OT1/cmr/bx/n/10.95 Unique iden-ti-
 []


Underfull \hbox (badness 3078) in paragraph at lines 723--723
[]|\OT1/cmr/m/n/10.95 Subject code of
 []


Underfull \hbox (badness 10000) in paragraph at lines 725--725
[]|\OT1/cmr/m/n/10.95 subjectDes-
 []


Underfull \vbox (badness 10000) detected at line 726
 []

[39]
Overfull \hbox (4.33992pt too wide) in paragraph at lines 743--744
[]|\OT1/cmr/bx/n/10.95 DESCRIPTION| 
 []


Overfull \hbox (2.58244pt too wide) in paragraph at lines 745--745
[]|\OT1/cmr/bx/n/10.95 gradeLevelID| 
 []


Underfull \hbox (badness 10000) in paragraph at lines 745--745
[]|\OT1/cmr/bx/n/10.95 INT(10),
 []


Underfull \hbox (badness 2401) in paragraph at lines 745--745
[]|\OT1/cmr/bx/n/10.95 Unique iden-ti-
 []


Underfull \hbox (badness 10000) in paragraph at lines 746--746
[]|\OT1/cmr/m/n/10.95 ENUM('NURSERY',
 []


Underfull \hbox (badness 10000) in paragraph at lines 746--746
\OT1/cmr/m/n/10.95 'KINDER[]1',
 []


Underfull \hbox (badness 1762) in paragraph at lines 746--746
\OT1/cmr/m/n/10.95 'GRADE[]2', 'GRADE[]3',
 []


Underfull \hbox (badness 1762) in paragraph at lines 746--746
\OT1/cmr/m/n/10.95 'GRADE[]4', 'GRADE[]5',
 []


Underfull \hbox (badness 1762) in paragraph at lines 746--746
\OT1/cmr/m/n/10.95 'GRADE[]6', 'GRADE[]7',
 []


Underfull \hbox (badness 1762) in paragraph at lines 746--746
\OT1/cmr/m/n/10.95 'GRADE[]8', 'GRADE[]9',
 []


Underfull \hbox (badness 10000) in paragraph at lines 746--746
\OT1/cmr/m/n/10.95 'GRADE[]10',
 []


Underfull \hbox (badness 10000) in paragraph at lines 746--746
\OT1/cmr/m/n/10.95 'GRADE[]11',
 []


Underfull \vbox (badness 10000) detected at line 747
 []


Overfull \hbox (4.33992pt too wide) in paragraph at lines 764--765
[]|\OT1/cmr/bx/n/10.95 DESCRIPTION| 
 []


Underfull \hbox (badness 10000) in paragraph at lines 766--766
[]|\OT1/cmr/bx/n/10.95 INT(10),
 []


Underfull \hbox (badness 2401) in paragraph at lines 766--766
[]|\OT1/cmr/bx/n/10.95 Unique iden-ti-
 []


Underfull \hbox (badness 10000) in paragraph at lines 767--767
[]|\OT1/cmr/m/n/10.95 ENUM('FORMATIVE',
 []


Underfull \hbox (badness 10000) in paragraph at lines 767--767
\OT1/cmr/m/n/10.95 'WRIT-TEN', 'PT',
 []


Underfull \vbox (badness 10000) detected at line 768
 []

[40]
Overfull \hbox (4.33992pt too wide) in paragraph at lines 785--786
[]|\OT1/cmr/bx/n/10.95 DESCRIPTION| 
 []


Underfull \hbox (badness 10000) in paragraph at lines 787--787
[]|\OT1/cmr/bx/n/10.95 INT(10),
 []


Underfull \hbox (badness 2401) in paragraph at lines 787--787
[]|\OT1/cmr/bx/n/10.95 Unique iden-ti-
 []


Underfull \vbox (badness 10000) detected at line 789
 []

[41]
Overfull \hbox (4.33992pt too wide) in paragraph at lines 806--807
[]|\OT1/cmr/bx/n/10.95 DESCRIPTION| 
 []


Overfull \hbox (4.10327pt too wide) in paragraph at lines 808--808
[]|\OT1/cmr/bx/n/10.95 gradeSheetID| 
 []


Underfull \hbox (badness 10000) in paragraph at lines 808--808
[]|\OT1/cmr/bx/n/10.95 INT(10),
 []


Underfull \hbox (badness 2401) in paragraph at lines 808--808
[]|\OT1/cmr/bx/n/10.95 Unique iden-ti-
 []


Underfull \hbox (badness 10000) in paragraph at lines 809--809
[]|\OT1/cmr/m/n/10.95 Academic year
 []


Underfull \hbox (badness 10000) in paragraph at lines 809--809
\OT1/cmr/m/n/10.95 the stu-dent is
 []


Underfull \hbox (badness 10000) in paragraph at lines 810--810
[]|\OT1/cmr/m/n/10.95 ENUM('SEMESTER[]1',
 []


Underfull \hbox (badness 1490) in paragraph at lines 810--810
\OT1/cmr/m/n/10.95 'SEMESTER[]2', 'QUAR-
 []


Underfull \hbox (badness 10000) in paragraph at lines 810--810
\OT1/cmr/m/n/10.95 TER[]1', 'QUAR-TER[]2',
 []


Underfull \hbox (badness 10000) in paragraph at lines 810--810
\OT1/cmr/m/n/10.95 'QUAR-TER[]3', 'QUAR-
 []


Underfull \hbox (badness 6842) in paragraph at lines 811--811
[]|\OT1/cmr/m/n/10.95 Date when the
 []


Underfull \hbox (badness 2096) in paragraph at lines 811--811
\OT1/cmr/m/n/10.95 grade sheet was
 []


Underfull \hbox (badness 6842) in paragraph at lines 812--812
[]|\OT1/cmr/m/n/10.95 Date when the
 []


Underfull \hbox (badness 2096) in paragraph at lines 812--812
\OT1/cmr/m/n/10.95 grade sheet was
 []


Underfull \hbox (badness 10000) in paragraph at lines 813--813
[]|\OT1/cmr/m/n/10.95 Denotes if the
 []


Underfull \hbox (badness 5374) in paragraph at lines 813--813
\OT1/cmr/m/n/10.95 grade has been
 []


Underfull \hbox (badness 10000) in paragraph at lines 813--813
\OT1/cmr/m/n/10.95 sub-mit-ted for
 []


Underfull \hbox (badness 10000) in paragraph at lines 813--813
\OT1/cmr/m/n/10.95 de-lib-er-a-tion (1)
 []


Underfull \hbox (badness 2486) in paragraph at lines 814--814
[]|\OT1/cmr/m/n/10.95 Unique iden-ti-fier
 []


Underfull \hbox (badness 2486) in paragraph at lines 815--815
[]|\OT1/cmr/m/n/10.95 Unique iden-ti-fier
 []


Underfull \hbox (badness 2486) in paragraph at lines 816--816
[]|\OT1/cmr/m/n/10.95 Unique iden-ti-fier
 []


Underfull \hbox (badness 2486) in paragraph at lines 817--817
[]|\OT1/cmr/m/n/10.95 Unique iden-ti-fier
 []


Underfull \vbox (badness 10000) detected at line 818
 []

[42]
Overfull \hbox (4.33992pt too wide) in paragraph at lines 835--836
[]|\OT1/cmr/bx/n/10.95 DESCRIPTION| 
 []


Underfull \hbox (badness 10000) in paragraph at lines 837--837
[]|\OT1/cmr/bx/n/10.95 INT(10),
 []


Underfull \hbox (badness 2401) in paragraph at lines 837--837
[]|\OT1/cmr/bx/n/10.95 Unique iden-ti-
 []


Underfull \hbox (badness 2486) in paragraph at lines 840--840
[]|\OT1/cmr/m/n/10.95 Unique iden-ti-fier
 []


Underfull \hbox (badness 2486) in paragraph at lines 841--841
[]|\OT1/cmr/m/n/10.95 Unique iden-ti-fier
 []


Underfull \hbox (badness 6842) in paragraph at lines 842--842
[]|\OT1/cmr/m/n/10.95 Date when the
 []


Underfull \hbox (badness 2486) in paragraph at lines 843--843
[]|\OT1/cmr/m/n/10.95 Unique iden-ti-fier
 []


Underfull \hbox (badness 2065) in paragraph at lines 844--844
[]|\OT1/cmr/m/n/10.95 Denotes the en-
 []


Underfull \hbox (badness 2486) in paragraph at lines 845--845
[]|\OT1/cmr/m/n/10.95 Unique iden-ti-fier
 []


Underfull \hbox (badness 10000) in paragraph at lines 846--846
[]|\OT1/cmr/m/n/10.95 Denotes if the
 []


Underfull \hbox (badness 2197) in paragraph at lines 846--846
\OT1/cmr/m/n/10.95 be show in the
 []


Underfull \hbox (badness 10000) in paragraph at lines 847--847
[]|\OT1/cmr/m/n/10.95 Denotes if the
 []


Underfull \vbox (badness 10000) detected at line 848
 []

[43] [44]
Overfull \hbox (4.33992pt too wide) in paragraph at lines 865--866
[]|\OT1/cmr/bx/n/10.95 DESCRIPTION| 
 []


Overfull \hbox (3.46451pt too wide) in paragraph at lines 867--867
[]|\OT1/cmr/bx/n/10.95 attendanceID| 
 []


Underfull \hbox (badness 10000) in paragraph at lines 867--867
[]|\OT1/cmr/bx/n/10.95 INT(10),
 []


Underfull \hbox (badness 2401) in paragraph at lines 867--867
[]|\OT1/cmr/bx/n/10.95 Unique iden-ti-
 []


Underfull \hbox (badness 10000) in paragraph at lines 870--870
[]|\OT1/cmr/m/n/10.95 ENUM('SEMESTER[]1',
 []


Underfull \hbox (badness 1490) in paragraph at lines 870--870
\OT1/cmr/m/n/10.95 'SEMESTER[]2', 'QUAR-
 []


Underfull \hbox (badness 10000) in paragraph at lines 870--870
\OT1/cmr/m/n/10.95 TER[]1', 'QUAR-TER[]2',
 []


Underfull \hbox (badness 10000) in paragraph at lines 870--870
\OT1/cmr/m/n/10.95 'QUAR-TER[]3', 'QUAR-
 []


Underfull \hbox (badness 10000) in paragraph at lines 870--870
[]|\OT1/cmr/m/n/10.95 Academic term
 []


Underfull \hbox (badness 1609) in paragraph at lines 872--872
[]|\OT1/cmr/m/n/10.95 Number of days
 []


Underfull \hbox (badness 10000) in paragraph at lines 872--872
\OT1/cmr/m/n/10.95 the stu-dent is
 []


Underfull \hbox (badness 1609) in paragraph at lines 873--873
[]|\OT1/cmr/m/n/10.95 Number of days
 []


Underfull \hbox (badness 10000) in paragraph at lines 873--873
\OT1/cmr/m/n/10.95 the stu-dent is
 []


Underfull \hbox (badness 10000) in paragraph at lines 874--874
\OT1/cmr/m/n/10.95 school days in
 []


Underfull \hbox (badness 2486) in paragraph at lines 875--875
[]|\OT1/cmr/m/n/10.95 Unique iden-ti-fier
 []


Underfull \hbox (badness 2486) in paragraph at lines 876--876
[]|\OT1/cmr/m/n/10.95 Unique iden-ti-fier
 []


Underfull \vbox (badness 10000) detected at line 877
 []

[45]
Overfull \hbox (4.33992pt too wide) in paragraph at lines 894--895
[]|\OT1/cmr/bx/n/10.95 DESCRIPTION| 
 []


Underfull \hbox (badness 10000) in paragraph at lines 896--896
[]|\OT1/cmr/bx/n/10.95 INT(10),
 []


Underfull \hbox (badness 2401) in paragraph at lines 896--896
[]|\OT1/cmr/bx/n/10.95 Unique iden-ti-
 []


Underfull \hbox (badness 2486) in paragraph at lines 897--897
[]|\OT1/cmr/m/n/10.95 Unique iden-ti-fier
 []


Underfull \hbox (badness 10000) in paragraph at lines 900--900
[]|\OT1/cmr/m/n/10.95 ENUM('SEMESTER[]1',
 []


Underfull \hbox (badness 1490) in paragraph at lines 900--900
\OT1/cmr/m/n/10.95 'SEMESTER[]2', 'QUAR-
 []


Underfull \hbox (badness 10000) in paragraph at lines 900--900
\OT1/cmr/m/n/10.95 TER[]1', 'QUAR-TER[]2',
 []


Underfull \hbox (badness 10000) in paragraph at lines 900--900
\OT1/cmr/m/n/10.95 'QUAR-TER[]3', 'QUAR-
 []


Underfull \hbox (badness 2486) in paragraph at lines 901--901
[]|\OT1/cmr/m/n/10.95 Unique iden-ti-fier
 []


Underfull \vbox (badness 10000) detected at line 902
 []

[46]
Overfull \hbox (4.33992pt too wide) in paragraph at lines 919--920
[]|\OT1/cmr/bx/n/10.95 DESCRIPTION| 
 []


Underfull \hbox (badness 10000) in paragraph at lines 921--921
[]|\OT1/cmr/bx/n/10.95 INT(10),
 []


Underfull \hbox (badness 10000) in paragraph at lines 921--921
[]|\OT1/cmr/bx/n/10.95 Unique iden-
 []


Underfull \hbox (badness 10000) in paragraph at lines 921--921
\OT1/cmr/bx/n/10.95 ti-fier of the
 []


Underfull \hbox (badness 2486) in paragraph at lines 922--922
[]|\OT1/cmr/m/n/10.95 Unique iden-ti-fier
 []


Underfull \hbox (badness 2486) in paragraph at lines 923--923
[]|\OT1/cmr/m/n/10.95 Unique iden-ti-fier
 []


Underfull \hbox (badness 2486) in paragraph at lines 924--924
[]|\OT1/cmr/m/n/10.95 Unique iden-ti-fier
 []


Underfull \hbox (badness 10000) in paragraph at lines 926--926
[]|\OT1/cmr/m/n/10.95 ENUM('SEMESTER[]1',
 []


Underfull \hbox (badness 1490) in paragraph at lines 926--926
\OT1/cmr/m/n/10.95 'SEMESTER[]2', 'QUAR-
 []


Underfull \hbox (badness 10000) in paragraph at lines 926--926
\OT1/cmr/m/n/10.95 TER[]1', 'QUAR-TER[]2',
 []


Underfull \hbox (badness 10000) in paragraph at lines 926--926
\OT1/cmr/m/n/10.95 'QUAR-TER[]3', 'QUAR-
 []


Underfull \vbox (badness 10000) detected at line 927
 []

[47]
Overfull \hbox (4.33992pt too wide) in paragraph at lines 944--945
[]|\OT1/cmr/bx/n/10.95 DESCRIPTION| 
 []


Underfull \hbox (badness 10000) in paragraph at lines 946--946
[]|\OT1/cmr/bx/n/10.95 INT(10),
 []


Underfull \hbox (badness 10000) in paragraph at lines 946--946
[]|\OT1/cmr/bx/n/10.95 Unique iden-
 []


Underfull \hbox (badness 10000) in paragraph at lines 946--946
\OT1/cmr/bx/n/10.95 ti-fier of the
 []


Underfull \hbox (badness 10000) in paragraph at lines 946--946
\OT1/cmr/bx/n/10.95 sub-mis-sion
 []


Underfull \hbox (badness 2486) in paragraph at lines 947--947
[]|\OT1/cmr/m/n/10.95 Unique iden-ti-fier
 []


Underfull \hbox (badness 1215) in paragraph at lines 948--948
[]|\OT1/cmr/m/n/10.95 When the dead-
 []


Underfull \hbox (badness 10000) in paragraph at lines 950--950
[]|\OT1/cmr/m/n/10.95 Denotes if the
 []


Underfull \vbox (badness 10000) detected at line 951
 []

[48]
Overfull \hbox (4.33992pt too wide) in paragraph at lines 968--969
[]|\OT1/cmr/bx/n/10.95 DESCRIPTION| 
 []


Underfull \hbox (badness 10000) in paragraph at lines 970--970
[]|\OT1/cmr/bx/n/10.95 INT(10),
 []


Underfull \hbox (badness 2401) in paragraph at lines 970--970
[]|\OT1/cmr/bx/n/10.95 Unique iden-ti-
 []


Underfull \hbox (badness 2486) in paragraph at lines 971--971
[]|\OT1/cmr/m/n/10.95 Unique iden-ti-fier
 []


Underfull \hbox (badness 2486) in paragraph at lines 972--972
[]|\OT1/cmr/m/n/10.95 Unique iden-ti-fier
 []


Underfull \hbox (badness 2486) in paragraph at lines 973--973
[]|\OT1/cmr/m/n/10.95 Unique iden-ti-fier
 []


Underfull \hbox (badness 2486) in paragraph at lines 974--974
[]|\OT1/cmr/m/n/10.95 Unique iden-ti-fier
 []


Underfull \hbox (badness 2486) in paragraph at lines 975--975
[]|\OT1/cmr/m/n/10.95 Unique iden-ti-fier
 []


Underfull \hbox (badness 10000) in paragraph at lines 976--976
\OT1/cmr/m/n/10.95 com-po-nent per
 []


Underfull \vbox (badness 10000) detected at line 978
 []

[49] [50] [51] (/Users/beatriceee/Desktop/dwla-web-app/SP/Proposal - Nico C. Mendoza.bbl
Underfull \hbox (badness 10000) in paragraph at lines 14--17
[]\OT1/cmr/m/n/10.95 D. of Ed-u-ca-tion, ``E-class record tem-plates.''
 []


Underfull \hbox (badness 2884) in paragraph at lines 14--17
\OT1/cmr/m/n/10.95 http://www.deped.gov.ph/resources/downloads/e-class-record-templates/.  Ac-
 []


Underfull \hbox (badness 10000) in paragraph at lines 19--24
[]\OT1/cmr/m/n/10.95 D. RM, ``De-sign and eval-u-a-tion of the elec-tronic
 []


Underfull \hbox (badness 10000) in paragraph at lines 19--24
\OT1/cmr/m/n/10.95 class record for lpu-laguna in-ter-na-tional school.''
 []


Underfull \hbox (badness 10000) in paragraph at lines 19--24
\OT1/cmr/m/n/10.95 http://www.academia.edu/8002516/Design[]and[]Evaluation[]of[]the[]Electronic[]Cla
 []

[52

])
Package atveryend Info: Empty hook `BeforeClearDocument' on input line 1012.
 [53]
Package atveryend Info: Empty hook `AfterLastShipout' on input line 1012.
 (/Users/beatriceee/Desktop/dwla-web-app/SP/Proposal - Nico C. Mendoza.aux)
Package atveryend Info: Executing hook `AtVeryEndDocument' on input line 1012.
Package atveryend Info: Executing hook `AtEndAfterFileList' on input line 1012.
Package rerunfilecheck Info: File `"Proposal - Nico C. Mendoza".out' has not changed.
(rerunfilecheck)             Checksum: 6E16C8012674B9999708CD43BFF4EC4D;3667.
Package atveryend Info: Empty hook `AtVeryVeryEnd' on input line 1012.
 ) 
Here is how much of TeX's memory you used:
 8264 strings out of 492616
 120954 string characters out of 6129482
 248144 words of memory out of 5000000
 11883 multiletter control sequences out of 15000+600000
 9503 words of font info for 33 fonts, out of 8000000 for 9000
 1141 hyphenation exceptions out of 8191
 28i,7n,35p,1361b,496s stack positions out of 5000i,500n,10000p,200000b,80000s
</usr/local/texlive/2019/texmf-dist/fonts/type1/public/amsfonts/cm/cmbx10.pfb></usr/local/texlive/2019/texmf-dist/fonts/type1/public/amsfonts/cm/cmbx12.pfb></usr/local/texlive/2019/texmf-dist/fonts/type1/public/amsfonts/cm/cmr10.pfb></usr/local/texlive/2019/texmf-dist/fonts/type1/public/amsfonts/cm/cmr12.pfb></usr/local/texlive/2019/texmf-dist/fonts/type1/public/amsfonts/cm/cmr17.pfb></usr/local/texlive/2019/texmf-dist/fonts/type1/public/amsfonts/cm/cmti10.pfb>
Output written on "/Users/beatriceee/Desktop/dwla-web-app/SP/Proposal - Nico C. Mendoza.pdf" (57 pages, 695681 bytes).
PDF statistics:
 800 PDF objects out of 1000 (max. 8388607)
 696 compressed objects within 7 object streams
 212 named destinations out of 1000 (max. 500000)
 505 words of extra memory for PDF output out of 10000 (max. 10000000)

