\BOOKMARK [1][-]{Doc-Start}{Abstract}{}% 1
\BOOKMARK [1][-]{section.1}{Introduction}{}% 2
\BOOKMARK [2][-]{subsection.1.1}{Background of the Study}{section.1}% 3
\BOOKMARK [2][-]{subsection.1.2}{Statement of the Problem}{section.1}% 4
\BOOKMARK [2][-]{subsection.1.3}{Objectives of the Study}{section.1}% 5
\BOOKMARK [2][-]{subsection.1.4}{Significance of the Project}{section.1}% 6
\BOOKMARK [2][-]{subsection.1.5}{Scope and Limitations}{section.1}% 7
\BOOKMARK [1][-]{section.2}{Review of Related Literature}{}% 8
\BOOKMARK [1][-]{section.3}{Theoretical Framework}{}% 9
\BOOKMARK [2][-]{subsection.3.1}{Assessment of Students}{section.3}% 10
\BOOKMARK [3][-]{subsubsection.3.1.1}{Nursery and Kinder1}{subsection.3.1}% 11
\BOOKMARK [3][-]{subsubsection.3.1.2}{Kinder2, Grades 1 to 10}{subsection.3.1}% 12
\BOOKMARK [3][-]{subsubsection.3.1.3}{Grades 11 to 12}{subsection.3.1}% 13
\BOOKMARK [2][-]{subsection.3.2}{Teacher-centric Grade Sheet}{section.3}% 14
\BOOKMARK [2][-]{subsection.3.3}{Condensed Grade}{section.3}% 15
\BOOKMARK [2][-]{subsection.3.4}{Section-centric Grade Sheet}{section.3}% 16
\BOOKMARK [2][-]{subsection.3.5}{Student-centric Grade Sheet}{section.3}% 17
\BOOKMARK [2][-]{subsection.3.6}{Grade Submission}{section.3}% 18
\BOOKMARK [2][-]{subsection.3.7}{Individual Deliberation of Grades}{section.3}% 19
\BOOKMARK [2][-]{subsection.3.8}{Group Deliberation of Grades}{section.3}% 20
\BOOKMARK [2][-]{subsection.3.9}{Printing of Report Cards}{section.3}% 21
\BOOKMARK [2][-]{subsection.3.10}{Node.js}{section.3}% 22
\BOOKMARK [2][-]{subsection.3.11}{Express.js}{section.3}% 23
\BOOKMARK [2][-]{subsection.3.12}{React.js}{section.3}% 24
\BOOKMARK [2][-]{subsection.3.13}{MySQL}{section.3}% 25
\BOOKMARK [1][-]{section.4}{Design and Implementation}{}% 26
\BOOKMARK [2][-]{subsection.4.1}{Context Diagram}{section.4}% 27
\BOOKMARK [2][-]{subsection.4.2}{Activity Diagrams}{section.4}% 28
\BOOKMARK [2][-]{subsection.4.3}{Database Design}{section.4}% 29
\BOOKMARK [3][-]{subsubsection.4.3.1}{Entity Relationship Diagram \(ERD\)}{subsection.4.3}% 30
\BOOKMARK [2][-]{subsection.4.4}{Data Dictionary}{section.4}% 31
\BOOKMARK [3][-]{subsubsection.4.4.1}{User Account}{subsection.4.4}% 32
\BOOKMARK [3][-]{subsubsection.4.4.2}{Student}{subsection.4.4}% 33
\BOOKMARK [3][-]{subsubsection.4.4.3}{Parent/Guardian}{subsection.4.4}% 34
\BOOKMARK [3][-]{subsubsection.4.4.4}{Teacher}{subsection.4.4}% 35
\BOOKMARK [3][-]{subsubsection.4.4.5}{Nonacademic}{subsection.4.4}% 36
\BOOKMARK [3][-]{subsubsection.4.4.6}{Section}{subsection.4.4}% 37
\BOOKMARK [3][-]{subsubsection.4.4.7}{Subject}{subsection.4.4}% 38
\BOOKMARK [3][-]{subsubsection.4.4.8}{Grade Level}{subsection.4.4}% 39
\BOOKMARK [3][-]{subsubsection.4.4.9}{Category}{subsection.4.4}% 40
\BOOKMARK [3][-]{subsubsection.4.4.10}{Subcategory}{subsection.4.4}% 41
\BOOKMARK [3][-]{subsubsection.4.4.11}{Grade Sheet}{subsection.4.4}% 42
\BOOKMARK [3][-]{subsubsection.4.4.12}{Grade}{subsection.4.4}% 43
\BOOKMARK [3][-]{subsubsection.4.4.13}{Attendance Log}{subsection.4.4}% 44
\BOOKMARK [3][-]{subsubsection.4.4.14}{Advisory Table}{subsection.4.4}% 45
\BOOKMARK [3][-]{subsubsection.4.4.15}{Teacher's Load}{subsection.4.4}% 46
\BOOKMARK [3][-]{subsubsection.4.4.16}{Submission Deadline}{subsection.4.4}% 47
\BOOKMARK [3][-]{subsubsection.4.4.17}{Formula}{subsection.4.4}% 48
\BOOKMARK [2][-]{subsection.4.5}{System Architecture}{section.4}% 49
\BOOKMARK [2][-]{subsection.4.6}{Technical Architecture}{section.4}% 50
\BOOKMARK [1][-]{section.5}{Bibliography}{}% 51
